<?xml version="1.0" encoding="UTF-8"?>
<!-- Generated by org.testng.reporters.JUnitReportReporter -->
<testsuite hostname="DESKTOP-6LGDSHO" failures="0" tests="5" name="tests.MenuTest" time="21.397" errors="0" timestamp="2022-01-01T17:44:53 IST" skipped="0">
  <testcase classname="tests.MenuTest" name="tc08_integrations" time="5.310"/>
  <system-out/>
  <testcase classname="tests.MenuTest" name="tc06_integrations" time="6.765"/>
  <system-out/>
  <testcase classname="tests.MenuTest" name="tc10_integrations" time="2.188"/>
  <system-out/>
  <testcase classname="tests.MenuTest" name="tc09_integrations" time="3.275"/>
  <system-out/>
  <testcase classname="tests.MenuTest" name="tc07_integrations" time="3.859"/>
  <system-out/>
</testsuite> <!-- tests.MenuTest -->
