<?xml version="1.0" encoding="UTF-8"?>
<!-- Generated by org.testng.reporters.JUnitReportReporter -->
<testsuite hostname="DESKTOP-6LGDSHO" failures="0" tests="8" name="tests.ProductTest" time="64.257" errors="0" timestamp="2022-01-12T17:51:06 IST" skipped="0">
  <testcase classname="tests.ProductTest" name="tc12_rearrange_Item" time="3.139"/>
  <system-out/>
  <testcase classname="tests.ProductTest" name="tc11_rearrange_Item" time="3.325"/>
  <system-out/>
  <testcase classname="tests.ProductTest" name="tc17_checkoutInformation" time="15.053"/>
  <system-out/>
  <testcase classname="tests.ProductTest" name="tc16_addToCart_Cancel" time="10.564"/>
  <system-out/>
  <testcase classname="tests.ProductTest" name="tc13_rearrange_Item" time="3.130"/>
  <system-out/>
  <testcase classname="tests.ProductTest" name="tc14_rearrange_Item" time="3.115"/>
  <system-out/>
  <testcase classname="tests.ProductTest" name="tc18_completeProductPurchase" time="18.492"/>
  <system-out/>
  <testcase classname="tests.ProductTest" name="tc15_addToCart_Cancel" time="7.439"/>
  <system-out/>
</testsuite> <!-- tests.ProductTest -->
