<?xml version="1.0" encoding="UTF-8"?>
<!-- Generated by org.testng.reporters.JUnitReportReporter -->
<testsuite hostname="DESKTOP-6LGDSHO" failures="0" tests="5" name="tests.LoginTest" time="20.855" errors="0" timestamp="2021-12-30T16:39:15 IST" skipped="0">
  <testcase classname="tests.LoginTest" name="tc02_login" time="3.293"/>
  <system-out/>
  <testcase classname="tests.LoginTest" name="tc05_login" time="7.400"/>
  <system-out/>
  <testcase classname="tests.LoginTest" name="tc03_login" time="3.339"/>
  <system-out/>
  <testcase classname="tests.LoginTest" name="tc01_login" time="3.468"/>
  <system-out/>
  <testcase classname="tests.LoginTest" name="tc04_login" time="3.355"/>
  <system-out/>
</testsuite> <!-- tests.LoginTest -->
